13-45-2019 23:45:06 root:DEBUG:init... ts.set_token OK!
13-45-2019 23:45:06 apscheduler.scheduler:INFO:Adding job tentatively -- it will be properly scheduled when the scheduler starts
13-45-2019 23:45:06 apscheduler.scheduler:INFO:Adding job tentatively -- it will be properly scheduled when the scheduler starts
13-45-2019 23:45:06 apscheduler.scheduler:INFO:Adding job tentatively -- it will be properly scheduled when the scheduler starts
13-45-2019 23:45:06 apscheduler.scheduler:INFO:Added job "id_scd_hotspot_keepdbalive" to job store "default"
13-45-2019 23:45:06 apscheduler.scheduler:INFO:Added job "id_scd_update_keepdbalive" to job store "default"
13-45-2019 23:45:06 apscheduler.scheduler:INFO:Added job "id_dataservice_update" to job store "default"
13-45-2019 23:45:06 apscheduler.scheduler:INFO:Scheduler started
13-45-2019 23:45:06 apscheduler.scheduler:DEBUG:Looking for jobs to run
13-45-2019 23:45:06 apscheduler.scheduler:DEBUG:Next wakeup is due at 2019-08-13 23:45:10+08:00 (in 3.055734 seconds)
13-45-2019 23:45:07 werkzeug:INFO: * Running on http://0.0.0.0:5000/ (Press CTRL+C to quit)
13-45-2019 23:45:10 apscheduler.scheduler:DEBUG:Looking for jobs to run
13-45-2019 23:45:10 apscheduler.executors.default:INFO:Running job "id_scd_hotspot_keepdbalive (trigger: cron[day_of_week='*', hour='0-23', second='*/5'], next run at: 2019-08-13 23:45:10 CST)" (scheduled at 2019-08-13 23:45:10+08:00)
13-45-2019 23:45:10 apscheduler.executors.default:INFO:Running job "id_scd_update_keepdbalive (trigger: cron[day_of_week='*', hour='0-23', second='*/5'], next run at: 2019-08-13 23:45:10 CST)" (scheduled at 2019-08-13 23:45:10+08:00)
13-45-2019 23:45:10 apscheduler.scheduler:DEBUG:Next wakeup is due at 2019-08-13 23:45:15+08:00 (in 4.999559 seconds)
13-45-2019 23:45:10 apscheduler.executors.default:INFO:Job "id_scd_hotspot_keepdbalive (trigger: cron[day_of_week='*', hour='0-23', second='*/5'], next run at: 2019-08-13 23:45:15 CST)" executed successfully
13-45-2019 23:45:10 apscheduler.executors.default:INFO:Job "id_scd_update_keepdbalive (trigger: cron[day_of_week='*', hour='0-23', second='*/5'], next run at: 2019-08-13 23:45:15 CST)" executed successfully
13-45-2019 23:45:15 apscheduler.scheduler:DEBUG:Looking for jobs to run
13-45-2019 23:45:15 apscheduler.executors.default:INFO:Running job "id_scd_hotspot_keepdbalive (trigger: cron[day_of_week='*', hour='0-23', second='*/5'], next run at: 2019-08-13 23:45:15 CST)" (scheduled at 2019-08-13 23:45:15+08:00)
13-45-2019 23:45:15 apscheduler.executors.default:INFO:Running job "id_scd_update_keepdbalive (trigger: cron[day_of_week='*', hour='0-23', second='*/5'], next run at: 2019-08-13 23:45:15 CST)" (scheduled at 2019-08-13 23:45:15+08:00)
13-45-2019 23:45:15 apscheduler.scheduler:DEBUG:Next wakeup is due at 2019-08-13 23:45:20+08:00 (in 4.988272 seconds)
13-45-2019 23:45:15 apscheduler.executors.default:INFO:Job "id_scd_hotspot_keepdbalive (trigger: cron[day_of_week='*', hour='0-23', second='*/5'], next run at: 2019-08-13 23:45:20 CST)" executed successfully
13-45-2019 23:45:15 apscheduler.executors.default:INFO:Job "id_scd_update_keepdbalive (trigger: cron[day_of_week='*', hour='0-23', second='*/5'], next run at: 2019-08-13 23:45:20 CST)" executed successfully
13-45-2019 23:45:20 apscheduler.scheduler:DEBUG:Looking for jobs to run
13-45-2019 23:45:20 apscheduler.executors.default:INFO:Running job "id_scd_hotspot_keepdbalive (trigger: cron[day_of_week='*', hour='0-23', second='*/5'], next run at: 2019-08-13 23:45:20 CST)" (scheduled at 2019-08-13 23:45:20+08:00)
13-45-2019 23:45:20 apscheduler.executors.default:INFO:Running job "id_scd_update_keepdbalive (trigger: cron[day_of_week='*', hour='0-23', second='*/5'], next run at: 2019-08-13 23:45:20 CST)" (scheduled at 2019-08-13 23:45:20+08:00)
13-45-2019 23:45:20 apscheduler.scheduler:DEBUG:Next wakeup is due at 2019-08-13 23:45:25+08:00 (in 4.984986 seconds)
13-45-2019 23:45:20 apscheduler.executors.default:INFO:Job "id_scd_hotspot_keepdbalive (trigger: cron[day_of_week='*', hour='0-23', second='*/5'], next run at: 2019-08-13 23:45:25 CST)" executed successfully
13-45-2019 23:45:20 apscheduler.executors.default:INFO:Job "id_scd_update_keepdbalive (trigger: cron[day_of_week='*', hour='0-23', second='*/5'], next run at: 2019-08-13 23:45:25 CST)" executed successfully
13-45-2019 23:45:25 apscheduler.scheduler:DEBUG:Looking for jobs to run
13-45-2019 23:45:25 apscheduler.executors.default:INFO:Running job "id_scd_hotspot_keepdbalive (trigger: cron[day_of_week='*', hour='0-23', second='*/5'], next run at: 2019-08-13 23:45:25 CST)" (scheduled at 2019-08-13 23:45:25+08:00)
13-45-2019 23:45:25 apscheduler.executors.default:INFO:Job "id_scd_hotspot_keepdbalive (trigger: cron[day_of_week='*', hour='0-23', second='*/5'], next run at: 2019-08-13 23:45:30 CST)" executed successfully
13-45-2019 23:45:25 apscheduler.executors.default:INFO:Running job "id_scd_update_keepdbalive (trigger: cron[day_of_week='*', hour='0-23', second='*/5'], next run at: 2019-08-13 23:45:25 CST)" (scheduled at 2019-08-13 23:45:25+08:00)
13-45-2019 23:45:25 apscheduler.scheduler:DEBUG:Next wakeup is due at 2019-08-13 23:45:30+08:00 (in 4.989700 seconds)
13-45-2019 23:45:25 apscheduler.executors.default:INFO:Job "id_scd_update_keepdbalive (trigger: cron[day_of_week='*', hour='0-23', second='*/5'], next run at: 2019-08-13 23:45:30 CST)" executed successfully
13-45-2019 23:45:30 apscheduler.scheduler:DEBUG:Looking for jobs to run
13-45-2019 23:45:30 apscheduler.executors.default:INFO:Running job "id_scd_hotspot_keepdbalive (trigger: cron[day_of_week='*', hour='0-23', second='*/5'], next run at: 2019-08-13 23:45:30 CST)" (scheduled at 2019-08-13 23:45:30+08:00)
13-45-2019 23:45:30 apscheduler.executors.default:INFO:Running job "id_scd_update_keepdbalive (trigger: cron[day_of_week='*', hour='0-23', second='*/5'], next run at: 2019-08-13 23:45:30 CST)" (scheduled at 2019-08-13 23:45:30+08:00)
13-45-2019 23:45:30 apscheduler.scheduler:DEBUG:Next wakeup is due at 2019-08-13 23:45:35+08:00 (in 4.980414 seconds)
13-45-2019 23:45:30 apscheduler.executors.default:INFO:Job "id_scd_hotspot_keepdbalive (trigger: cron[day_of_week='*', hour='0-23', second='*/5'], next run at: 2019-08-13 23:45:35 CST)" executed successfully
13-45-2019 23:45:30 apscheduler.executors.default:INFO:Job "id_scd_update_keepdbalive (trigger: cron[day_of_week='*', hour='0-23', second='*/5'], next run at: 2019-08-13 23:45:35 CST)" executed successfully
